<?xml version="1.0" encoding="UTF-8"?>
<!-- Generated by org.testng.reporters.JUnitXMLReporter -->
<testsuite ignored="1" hostname="DESKTOP-4H3OK9T" failures="1" tests="1" name="Test" time="0.183" errors="0" timestamp="2022-02-04T13:18:14 IST">
  <testcase classname="mtpcg1.Fb" name="fbdetails" time="0.033">
    <failure type="java.lang.NullPointerException" message="Cannot invoke &amp;quot;org.openqa.selenium.WebDriver.get(String)&amp;quot; because &amp;quot;this.driver4000&amp;quot; is null">
      <![CDATA[java.lang.NullPointerException: Cannot invoke "org.openqa.selenium.WebDriver.get(String)" because "this.driver4000" is null
at mtpcg1.Fb.fbdetails(Fb.java:31)
at java.base/java.util.ArrayList.forEach(ArrayList.java:1511)
... Removed 27 stack frames]]>
    </failure>
  </testcase> <!-- fbdetails -->
  <testcase classname="mtpcg1.Fb" name="Terms" time="0.0">
    <ignored/>
  </testcase> <!-- Terms -->
</testsuite> <!-- Test -->
