<?xml version="1.0" encoding="UTF-8"?>
<testng-results skipped="0" failed="0" ignored="0" total="3" passed="3">
  <reporter-output>
  </reporter-output>
  <suite name="DSuite" duration-ms="33403" started-at="2022-02-09T00:31:49 IST" finished-at="2022-02-09T00:32:22 IST">
    <groups>
      <group name="all">
        <method signature="Fb.Terms()[pri:2, instance:mtpcg1.Fb@33f88ab]" name="Terms" class="mtpcg1.Fb"/>
        <method signature="Fb.fbdetails(java.lang.String, java.lang.String, java.lang.String, java.lang.String)[pri:1, instance:mtpcg1.Fb@33f88ab]" name="fbdetails" class="mtpcg1.Fb"/>
      </group> <!-- all -->
      <group name="regression">
        <method signature="Fb.fbdetails(java.lang.String, java.lang.String, java.lang.String, java.lang.String)[pri:1, instance:mtpcg1.Fb@33f88ab]" name="fbdetails" class="mtpcg1.Fb"/>
      </group> <!-- regression -->
      <group name="smoke">
        <method signature="Fb.fbdetails(java.lang.String, java.lang.String, java.lang.String, java.lang.String)[pri:1, instance:mtpcg1.Fb@33f88ab]" name="fbdetails" class="mtpcg1.Fb"/>
      </group> <!-- smoke -->
      <group name="sanity">
        <method signature="Fb.Terms()[pri:2, instance:mtpcg1.Fb@33f88ab]" name="Terms" class="mtpcg1.Fb"/>
      </group> <!-- sanity -->
    </groups>
    <test name="fTest" duration-ms="33403" started-at="2022-02-09T00:31:49 IST" finished-at="2022-02-09T00:32:22 IST">
      <class name="mtpcg1.Fb">
        <test-method status="PASS" signature="beforetest()[pri:0, instance:mtpcg1.Fb@33f88ab]" name="beforetest" is-config="true" duration-ms="10968" started-at="2022-02-09T00:31:49 IST" finished-at="2022-02-09T00:32:00 IST">
          <reporter-output>
          </reporter-output>
        </test-method> <!-- beforetest -->
        <test-method status="PASS" signature="fbdetails(java.lang.String, java.lang.String, java.lang.String, java.lang.String)[pri:1, instance:mtpcg1.Fb@33f88ab]" name="fbdetails" duration-ms="10218" started-at="2022-02-09T00:32:01 IST" data-provider="fbinfo" finished-at="2022-02-09T00:32:11 IST">
          <params>
            <param index="0">
              <value>
                <![CDATA[JaganMohanReddy]]>
              </value>
            </param>
            <param index="1">
              <value>
                <![CDATA[Ys]]>
              </value>
            </param>
            <param index="2">
              <value>
                <![CDATA[9876543210]]>
              </value>
            </param>
            <param index="3">
              <value>
                <![CDATA[sunny]]>
              </value>
            </param>
          </params>
          <reporter-output>
          </reporter-output>
        </test-method> <!-- fbdetails -->
        <test-method status="PASS" signature="fbdetails(java.lang.String, java.lang.String, java.lang.String, java.lang.String)[pri:1, instance:mtpcg1.Fb@33f88ab]" name="fbdetails" duration-ms="7769" started-at="2022-02-09T00:32:11 IST" data-provider="fbinfo" finished-at="2022-02-09T00:32:19 IST">
          <params>
            <param index="0">
              <value>
                <![CDATA[RamcharanReddy]]>
              </value>
            </param>
            <param index="1">
              <value>
                <![CDATA[B]]>
              </value>
            </param>
            <param index="2">
              <value>
                <![CDATA[9876543201]]>
              </value>
            </param>
            <param index="3">
              <value>
                <![CDATA[rinku]]>
              </value>
            </param>
          </params>
          <reporter-output>
          </reporter-output>
        </test-method> <!-- fbdetails -->
        <test-method status="PASS" signature="Terms()[pri:2, instance:mtpcg1.Fb@33f88ab]" name="Terms" duration-ms="1575" started-at="2022-02-09T00:32:19 IST" finished-at="2022-02-09T00:32:21 IST">
          <reporter-output>
          </reporter-output>
        </test-method> <!-- Terms -->
        <test-method status="PASS" signature="aftertest()[pri:0, instance:mtpcg1.Fb@33f88ab]" name="aftertest" is-config="true" duration-ms="1325" started-at="2022-02-09T00:32:21 IST" finished-at="2022-02-09T00:32:22 IST">
          <reporter-output>
          </reporter-output>
        </test-method> <!-- aftertest -->
      </class> <!-- mtpcg1.Fb -->
    </test> <!-- fTest -->
  </suite> <!-- DSuite -->
</testng-results>
