<?xml version="1.0" encoding="UTF-8"?>
<testng-results ignored="0" total="3" passed="3" failed="0" skipped="0">
  <reporter-output>
  </reporter-output>
  <suite started-at="2022-02-06T23:47:22 IST" name="DSuite" finished-at="2022-02-06T23:49:35 IST" duration-ms="133232">
    <groups>
      <group name="all">
        <method signature="Fb.Terms()[pri:2, instance:mtpcg1.Fb@7714e963]" name="Terms" class="mtpcg1.Fb"/>
        <method signature="Fb.fbdetails(java.lang.String, java.lang.String, java.lang.String, java.lang.String)[pri:1, instance:mtpcg1.Fb@7714e963]" name="fbdetails" class="mtpcg1.Fb"/>
      </group> <!-- all -->
      <group name="regression">
        <method signature="Fb.fbdetails(java.lang.String, java.lang.String, java.lang.String, java.lang.String)[pri:1, instance:mtpcg1.Fb@7714e963]" name="fbdetails" class="mtpcg1.Fb"/>
      </group> <!-- regression -->
      <group name="smoke">
        <method signature="Fb.fbdetails(java.lang.String, java.lang.String, java.lang.String, java.lang.String)[pri:1, instance:mtpcg1.Fb@7714e963]" name="fbdetails" class="mtpcg1.Fb"/>
      </group> <!-- smoke -->
      <group name="sanity">
        <method signature="Fb.Terms()[pri:2, instance:mtpcg1.Fb@7714e963]" name="Terms" class="mtpcg1.Fb"/>
      </group> <!-- sanity -->
    </groups>
    <test started-at="2022-02-06T23:47:22 IST" name="fTest" finished-at="2022-02-06T23:49:35 IST" duration-ms="133232">
      <class name="mtpcg1.Fb">
        <test-method is-config="true" signature="beforetest()[pri:0, instance:mtpcg1.Fb@7714e963]" started-at="2022-02-06T23:47:22 IST" name="beforetest" finished-at="2022-02-06T23:48:46 IST" duration-ms="83567" status="PASS">
          <reporter-output>
          </reporter-output>
        </test-method> <!-- beforetest -->
        <test-method signature="fbdetails(java.lang.String, java.lang.String, java.lang.String, java.lang.String)[pri:1, instance:mtpcg1.Fb@7714e963]" started-at="2022-02-06T23:49:03 IST" name="fbdetails" data-provider="fbinfo" finished-at="2022-02-06T23:49:23 IST" duration-ms="20562" status="PASS">
          <params>
            <param index="0">
              <value>
                <![CDATA[JaganMohanReddy]]>
              </value>
            </param>
            <param index="1">
              <value>
                <![CDATA[Ys]]>
              </value>
            </param>
            <param index="2">
              <value>
                <![CDATA[9876543210]]>
              </value>
            </param>
            <param index="3">
              <value>
                <![CDATA[sunny]]>
              </value>
            </param>
          </params>
          <reporter-output>
          </reporter-output>
        </test-method> <!-- fbdetails -->
        <test-method signature="fbdetails(java.lang.String, java.lang.String, java.lang.String, java.lang.String)[pri:1, instance:mtpcg1.Fb@7714e963]" started-at="2022-02-06T23:49:23 IST" name="fbdetails" data-provider="fbinfo" finished-at="2022-02-06T23:49:31 IST" duration-ms="7746" status="PASS">
          <params>
            <param index="0">
              <value>
                <![CDATA[RamcharanReddy]]>
              </value>
            </param>
            <param index="1">
              <value>
                <![CDATA[B]]>
              </value>
            </param>
            <param index="2">
              <value>
                <![CDATA[9876543201]]>
              </value>
            </param>
            <param index="3">
              <value>
                <![CDATA[rinku]]>
              </value>
            </param>
          </params>
          <reporter-output>
          </reporter-output>
        </test-method> <!-- fbdetails -->
        <test-method signature="Terms()[pri:2, instance:mtpcg1.Fb@7714e963]" started-at="2022-02-06T23:49:31 IST" name="Terms" finished-at="2022-02-06T23:49:33 IST" duration-ms="2374" status="PASS">
          <reporter-output>
          </reporter-output>
        </test-method> <!-- Terms -->
        <test-method is-config="true" signature="aftertest()[pri:0, instance:mtpcg1.Fb@7714e963]" started-at="2022-02-06T23:49:34 IST" name="aftertest" finished-at="2022-02-06T23:49:35 IST" duration-ms="1881" status="PASS">
          <reporter-output>
          </reporter-output>
        </test-method> <!-- aftertest -->
      </class> <!-- mtpcg1.Fb -->
    </test> <!-- fTest -->
  </suite> <!-- DSuite -->
</testng-results>
